c:\users\karans\dropbox\csd\work\tcp-ip\tcp-ip\tcp-ip-windows\tcp-ip-multiclient-safe\client\debug\vc141.pdb
c:\users\karans\dropbox\csd\work\tcp-ip\tcp-ip\tcp-ip-windows\tcp-ip-multiclient-safe\client\debug\vc141.idb
c:\users\karans\dropbox\csd\work\tcp-ip\tcp-ip\tcp-ip-windows\tcp-ip-multiclient-safe\client\debug\client.obj
c:\users\karans\dropbox\csd\consultants\mavili-elektronik\supervisor\tcp-ip\tcp\tcp-ip-multiclient-safe\client\debug\vc141.pdb
c:\users\karans\dropbox\csd\consultants\mavili-elektronik\supervisor\tcp-ip\tcp\tcp-ip-multiclient-safe\client\debug\vc141.idb
c:\users\karans\dropbox\csd\consultants\mavili-elektronik\supervisor\tcp-ip\tcp\tcp-ip-multiclient-safe\client\debug\client.obj
c:\users\karans\dropbox\csd\work\tcp-ip\tcp-ip\tcp-ip-windows\tcp-ip-multiclient-withdll-work\client\debug\vc141.pdb
c:\users\karans\dropbox\csd\work\tcp-ip\tcp-ip\tcp-ip-windows\tcp-ip-multiclient-withdll-work\client\debug\vc141.idb
c:\users\karans\dropbox\csd\work\tcp-ip\tcp-ip\tcp-ip-windows\tcp-ip-multiclient-withdll-work\client\debug\client.obj
c:\users\karans\desktop\tcp-ip-multiclient-withdll\client\debug\vc141.pdb
c:\users\karans\desktop\tcp-ip-multiclient-withdll\client\debug\vc141.idb
c:\users\karans\desktop\tcp-ip-multiclient-withdll\client\debug\client.obj
c:\users\karans\dropbox\csd\work\tcp-ip\tcp-ip\tcp-ip-windows\tcp-ip-multiclient-safe\debug\client.exe
c:\users\karans\dropbox\csd\work\tcp-ip\tcp-ip\tcp-ip-windows\tcp-ip-multiclient-safe\debug\client.ilk
c:\users\karans\dropbox\csd\work\tcp-ip\tcp-ip\tcp-ip-windows\tcp-ip-multiclient-safe\debug\client.pdb
c:\users\karans\dropbox\csd\consultants\mavili-elektronik\supervisor\tcp-ip\tcp\tcp-ip-multiclient-safe\debug\client.exe
c:\users\karans\dropbox\csd\consultants\mavili-elektronik\supervisor\tcp-ip\tcp\tcp-ip-multiclient-safe\debug\client.ilk
c:\users\karans\dropbox\csd\consultants\mavili-elektronik\supervisor\tcp-ip\tcp\tcp-ip-multiclient-safe\debug\client.pdb
c:\users\karans\dropbox\csd\work\tcp-ip\tcp-ip\tcp-ip-windows\tcp-ip-multiclient-withdll-work\debug\client.exe
c:\users\karans\dropbox\csd\work\tcp-ip\tcp-ip\tcp-ip-windows\tcp-ip-multiclient-withdll-work\debug\client.ilk
c:\users\karans\dropbox\csd\work\tcp-ip\tcp-ip\tcp-ip-windows\tcp-ip-multiclient-withdll-work\debug\client.pdb
c:\users\karans\desktop\tcp-ip-multiclient-withdll\client\debug\vc140.idb
c:\users\karans\desktop\tcp-ip-multiclient-withdll\client\debug\vc140.pdb
c:\users\karans\desktop\tcp-ip-multiclient-withdll\debug\client.pdb
c:\users\karans\desktop\tcp-ip-multiclient-withdll\client\debug\client.tlog\cl.command.1.tlog
c:\users\karans\desktop\tcp-ip-multiclient-withdll\client\debug\client.tlog\cl.read.1.tlog
c:\users\karans\desktop\tcp-ip-multiclient-withdll\client\debug\client.tlog\cl.write.1.tlog
c:\users\karans\desktop\tcp-ip-multiclient-withdll\client\debug\client.tlog\link-cvtres.read.1.tlog
c:\users\karans\desktop\tcp-ip-multiclient-withdll\client\debug\client.tlog\link-cvtres.write.1.tlog
c:\users\karans\desktop\tcp-ip-multiclient-withdll\client\debug\client.tlog\link-rc.read.1.tlog
c:\users\karans\desktop\tcp-ip-multiclient-withdll\client\debug\client.tlog\link-rc.write.1.tlog
c:\users\karans\desktop\tcp-ip-multiclient-withdll\client\debug\client.tlog\link.command.1.tlog
c:\users\karans\desktop\tcp-ip-multiclient-withdll\client\debug\client.tlog\link.delete.1.tlog
c:\users\karans\desktop\tcp-ip-multiclient-withdll\client\debug\client.tlog\link.read.1.tlog
c:\users\karans\desktop\tcp-ip-multiclient-withdll\client\debug\client.tlog\link.write.1.tlog
