c:\users\karans\desktop\tcp-ip-multiclient-withdll\csdtcp\debug\vc141.pdb
c:\users\karans\desktop\tcp-ip-multiclient-withdll\csdtcp\debug\vc141.idb
c:\users\karans\desktop\tcp-ip-multiclient-withdll\csdtcp\debug\socket.obj
c:\users\karans\dropbox\csd\kurslar\tubitak-haberlesme-may-2018\dotnetapp-jun-2018\src\069-tcp-ip-multiclient-withdllwithc\csdtcp\debug\vc141.pdb
c:\users\karans\dropbox\csd\kurslar\tubitak-haberlesme-may-2018\dotnetapp-jun-2018\src\069-tcp-ip-multiclient-withdllwithc\csdtcp\debug\vc141.idb
c:\users\karans\dropbox\csd\kurslar\tubitak-haberlesme-may-2018\dotnetapp-jun-2018\src\069-tcp-ip-multiclient-withdllwithc\csdtcp\debug\socket.obj
c:\users\karans\desktop\tcp-ip-multiclient-withdll\debug\csdtcp.lib
c:\users\karans\desktop\tcp-ip-multiclient-withdll\debug\csdtcp.exp
c:\users\karans\dropbox\csd\kurslar\tubitak-haberlesme-may-2018\dotnetapp-jun-2018\src\069-tcp-ip-multiclient-withdllwithc\debug\csdtcp.lib
c:\users\karans\dropbox\csd\kurslar\tubitak-haberlesme-may-2018\dotnetapp-jun-2018\src\069-tcp-ip-multiclient-withdllwithc\debug\csdtcp.exp
c:\users\karans\desktop\tcp-ip-multiclient-withdll\debug\csdtcp.dll
c:\users\karans\desktop\tcp-ip-multiclient-withdll\debug\csdtcp.ilk
c:\users\karans\desktop\tcp-ip-multiclient-withdll\debug\csdtcp.pdb
c:\users\karans\dropbox\csd\kurslar\tubitak-haberlesme-may-2018\dotnetapp-jun-2018\src\069-tcp-ip-multiclient-withdllwithc\debug\csdtcp.ilk
c:\users\karans\dropbox\csd\kurslar\tubitak-haberlesme-may-2018\dotnetapp-jun-2018\src\069-tcp-ip-multiclient-withdllwithc\debug\csdtcp.dll
c:\users\karans\dropbox\csd\kurslar\tubitak-haberlesme-may-2018\dotnetapp-jun-2018\src\069-tcp-ip-multiclient-withdllwithc\debug\csdtcp.pdb
c:\users\karans\dropbox\csd\kurslar\tubitak-haberlesme-may-2018\dotnetapp-jun-2018\src\069-tcp-ip-multiclient-withdllwithc\csdtcp\debug\csdtcp.tlog\cl.command.1.tlog
c:\users\karans\dropbox\csd\kurslar\tubitak-haberlesme-may-2018\dotnetapp-jun-2018\src\069-tcp-ip-multiclient-withdllwithc\csdtcp\debug\csdtcp.tlog\cl.read.1.tlog
c:\users\karans\dropbox\csd\kurslar\tubitak-haberlesme-may-2018\dotnetapp-jun-2018\src\069-tcp-ip-multiclient-withdllwithc\csdtcp\debug\csdtcp.tlog\cl.write.1.tlog
c:\users\karans\dropbox\csd\kurslar\tubitak-haberlesme-may-2018\dotnetapp-jun-2018\src\069-tcp-ip-multiclient-withdllwithc\csdtcp\debug\csdtcp.tlog\csdtcp.write.1u.tlog
c:\users\karans\dropbox\csd\kurslar\tubitak-haberlesme-may-2018\dotnetapp-jun-2018\src\069-tcp-ip-multiclient-withdllwithc\csdtcp\debug\csdtcp.tlog\link.command.1.tlog
c:\users\karans\dropbox\csd\kurslar\tubitak-haberlesme-may-2018\dotnetapp-jun-2018\src\069-tcp-ip-multiclient-withdllwithc\csdtcp\debug\csdtcp.tlog\link.delete.1.tlog
c:\users\karans\dropbox\csd\kurslar\tubitak-haberlesme-may-2018\dotnetapp-jun-2018\src\069-tcp-ip-multiclient-withdllwithc\csdtcp\debug\csdtcp.tlog\link.read.1.tlog
c:\users\karans\dropbox\csd\kurslar\tubitak-haberlesme-may-2018\dotnetapp-jun-2018\src\069-tcp-ip-multiclient-withdllwithc\csdtcp\debug\csdtcp.tlog\link.write.1.tlog
